0 info it worked if it ends with ok
1 verbose cli [ '/usr/local/bin/node', '/usr/local/bin/npm', 'run', 'sass' ]
2 info using npm@4.1.2
3 info using node@v7.6.0
4 verbose run-script [ 'presass', 'sass', 'postsass' ]
5 info lifecycle bootstrap@4.0.0-alpha.6~presass: bootstrap@4.0.0-alpha.6
6 silly lifecycle bootstrap@4.0.0-alpha.6~presass: no script for presass, continuing
7 info lifecycle bootstrap@4.0.0-alpha.6~sass: bootstrap@4.0.0-alpha.6
8 verbose lifecycle bootstrap@4.0.0-alpha.6~sass: unsafe-perm in lifecycle true
9 verbose lifecycle bootstrap@4.0.0-alpha.6~sass: PATH: /usr/local/lib/node_modules/npm/bin/node-gyp-bin:/Users/silviagomez/Documents/localsites/projecttwo/node_modules/.bin:/usr/local/bin:/usr/bin:/bin:/usr/sbin:/sbin
10 verbose lifecycle bootstrap@4.0.0-alpha.6~sass: CWD: /Users/silviagomez/Documents/localsites/projecttwo
11 silly lifecycle bootstrap@4.0.0-alpha.6~sass: Args: [ '-c',
11 silly lifecycle   'node-sass --output-style expanded --source-map true --precision 6 scss/bootstrap.scss dist/css/bootstrap.css && node-sass --output-style expanded --source-map true --precision 6 scss/bootstrap-grid.scss dist/css/bootstrap-grid.css && node-sass --output-style expanded --source-map true --precision 6 scss/bootstrap-reboot.scss dist/css/bootstrap-reboot.css' ]
12 silly lifecycle bootstrap@4.0.0-alpha.6~sass: Returned: code: 1  signal: null
13 info lifecycle bootstrap@4.0.0-alpha.6~sass: Failed to exec sass script
14 verbose stack Error: bootstrap@4.0.0-alpha.6 sass: `node-sass --output-style expanded --source-map true --precision 6 scss/bootstrap.scss dist/css/bootstrap.css && node-sass --output-style expanded --source-map true --precision 6 scss/bootstrap-grid.scss dist/css/bootstrap-grid.css && node-sass --output-style expanded --source-map true --precision 6 scss/bootstrap-reboot.scss dist/css/bootstrap-reboot.css`
14 verbose stack Exit status 1
14 verbose stack     at EventEmitter.<anonymous> (/usr/local/lib/node_modules/npm/lib/utils/lifecycle.js:279:16)
14 verbose stack     at emitTwo (events.js:106:13)
14 verbose stack     at EventEmitter.emit (events.js:192:7)
14 verbose stack     at ChildProcess.<anonymous> (/usr/local/lib/node_modules/npm/lib/utils/spawn.js:40:14)
14 verbose stack     at emitTwo (events.js:106:13)
14 verbose stack     at ChildProcess.emit (events.js:192:7)
14 verbose stack     at maybeClose (internal/child_process.js:890:16)
14 verbose stack     at Process.ChildProcess._handle.onexit (internal/child_process.js:226:5)
15 verbose pkgid bootstrap@4.0.0-alpha.6
16 verbose cwd /Users/silviagomez/Documents/localsites/projecttwo
17 error Darwin 16.0.0
18 error argv "/usr/local/bin/node" "/usr/local/bin/npm" "run" "sass"
19 error node v7.6.0
20 error npm  v4.1.2
21 error code ELIFECYCLE
22 error bootstrap@4.0.0-alpha.6 sass: `node-sass --output-style expanded --source-map true --precision 6 scss/bootstrap.scss dist/css/bootstrap.css && node-sass --output-style expanded --source-map true --precision 6 scss/bootstrap-grid.scss dist/css/bootstrap-grid.css && node-sass --output-style expanded --source-map true --precision 6 scss/bootstrap-reboot.scss dist/css/bootstrap-reboot.css`
22 error Exit status 1
23 error Failed at the bootstrap@4.0.0-alpha.6 sass script 'node-sass --output-style expanded --source-map true --precision 6 scss/bootstrap.scss dist/css/bootstrap.css && node-sass --output-style expanded --source-map true --precision 6 scss/bootstrap-grid.scss dist/css/bootstrap-grid.css && node-sass --output-style expanded --source-map true --precision 6 scss/bootstrap-reboot.scss dist/css/bootstrap-reboot.css'.
23 error Make sure you have the latest version of node.js and npm installed.
23 error If you do, this is most likely a problem with the bootstrap package,
23 error not with npm itself.
23 error Tell the author that this fails on your system:
23 error     node-sass --output-style expanded --source-map true --precision 6 scss/bootstrap.scss dist/css/bootstrap.css && node-sass --output-style expanded --source-map true --precision 6 scss/bootstrap-grid.scss dist/css/bootstrap-grid.css && node-sass --output-style expanded --source-map true --precision 6 scss/bootstrap-reboot.scss dist/css/bootstrap-reboot.css
23 error You can get information on how to open an issue for this project with:
23 error     npm bugs bootstrap
23 error Or if that isn't available, you can get their info via:
23 error     npm owner ls bootstrap
23 error There is likely additional logging output above.
24 verbose exit [ 1, true ]
